<?xml version="1.0" encoding="UTF-8"?>
<testsuite name="com.udacity.gradle.test.PersonTest" tests="1" skipped="0" failures="0" errors="0" timestamp="2017-01-03T05:56:09" hostname="poseidon.local" time="0.001">
  <properties/>
  <testcase name="test" classname="com.udacity.gradle.test.PersonTest" time="0.001"/>
  <system-out><![CDATA[]]></system-out>
  <system-err><![CDATA[]]></system-err>
</testsuite>
